2012-10-30 05:35:27,433 INFO sqlalchemy.engine.base.Engine PRAGMA table_info("users")
INFO:sqlalchemy.engine.base.Engine:PRAGMA table_info("users")
2012-10-30 05:35:27,433 INFO sqlalchemy.engine.base.Engine ()
INFO:sqlalchemy.engine.base.Engine:()
2012-10-30 05:35:27,434 INFO sqlalchemy.engine.base.Engine PRAGMA table_info("depts")
INFO:sqlalchemy.engine.base.Engine:PRAGMA table_info("depts")
2012-10-30 05:35:27,434 INFO sqlalchemy.engine.base.Engine ()
INFO:sqlalchemy.engine.base.Engine:()
2012-10-30 05:35:27,435 INFO sqlalchemy.engine.base.Engine PRAGMA table_info("courses")
INFO:sqlalchemy.engine.base.Engine:PRAGMA table_info("courses")
2012-10-30 05:35:27,435 INFO sqlalchemy.engine.base.Engine ()
INFO:sqlalchemy.engine.base.Engine:()
2012-10-30 05:35:27,435 INFO sqlalchemy.engine.base.Engine PRAGMA table_info("authtokens")
INFO:sqlalchemy.engine.base.Engine:PRAGMA table_info("authtokens")
2012-10-30 05:35:27,435 INFO sqlalchemy.engine.base.Engine ()
INFO:sqlalchemy.engine.base.Engine:()
2012-10-30 05:35:27,435 INFO sqlalchemy.engine.base.Engine PRAGMA table_info("lessontables")
INFO:sqlalchemy.engine.base.Engine:PRAGMA table_info("lessontables")
2012-10-30 05:35:27,435 INFO sqlalchemy.engine.base.Engine ()
INFO:sqlalchemy.engine.base.Engine:()
2012-10-30 05:35:27,436 INFO sqlalchemy.engine.base.Engine PRAGMA table_info("classes")
INFO:sqlalchemy.engine.base.Engine:PRAGMA table_info("classes")
2012-10-30 05:35:27,436 INFO sqlalchemy.engine.base.Engine ()
INFO:sqlalchemy.engine.base.Engine:()
2012-10-30 05:35:27,436 INFO sqlalchemy.engine.base.Engine PRAGMA table_info("lessoninfos")
INFO:sqlalchemy.engine.base.Engine:PRAGMA table_info("lessoninfos")
2012-10-30 05:35:27,436 INFO sqlalchemy.engine.base.Engine ()
INFO:sqlalchemy.engine.base.Engine:()
2012-10-30 05:35:27,436 INFO sqlalchemy.engine.base.Engine PRAGMA table_info("lessontableitems")
INFO:sqlalchemy.engine.base.Engine:PRAGMA table_info("lessontableitems")
2012-10-30 05:35:27,436 INFO sqlalchemy.engine.base.Engine ()
INFO:sqlalchemy.engine.base.Engine:()
