Traceback (most recent call last):
  File "app2.py", line 2, in <module>
    from flask import Flask, request, redirect, url_for
ImportError: No module named flask
2012-10-25 05:46:46,628 INFO sqlalchemy.engine.base.Engine PRAGMA table_info("courses")
INFO:sqlalchemy.engine.base.Engine:PRAGMA table_info("courses")
2012-10-25 05:46:46,628 INFO sqlalchemy.engine.base.Engine ()
INFO:sqlalchemy.engine.base.Engine:()
2012-10-25 05:46:46,629 INFO sqlalchemy.engine.base.Engine PRAGMA table_info("depts")
INFO:sqlalchemy.engine.base.Engine:PRAGMA table_info("depts")
2012-10-25 05:46:46,630 INFO sqlalchemy.engine.base.Engine ()
INFO:sqlalchemy.engine.base.Engine:()
2012-10-25 05:46:46,630 INFO sqlalchemy.engine.base.Engine PRAGMA table_info("users")
INFO:sqlalchemy.engine.base.Engine:PRAGMA table_info("users")
2012-10-25 05:46:46,630 INFO sqlalchemy.engine.base.Engine ()
INFO:sqlalchemy.engine.base.Engine:()
2012-10-25 05:46:46,630 INFO sqlalchemy.engine.base.Engine PRAGMA table_info("lessoninfos")
INFO:sqlalchemy.engine.base.Engine:PRAGMA table_info("lessoninfos")
2012-10-25 05:46:46,630 INFO sqlalchemy.engine.base.Engine ()
INFO:sqlalchemy.engine.base.Engine:()
2012-10-25 05:46:46,630 INFO sqlalchemy.engine.base.Engine PRAGMA table_info("authtokens")
INFO:sqlalchemy.engine.base.Engine:PRAGMA table_info("authtokens")
2012-10-25 05:46:46,631 INFO sqlalchemy.engine.base.Engine ()
INFO:sqlalchemy.engine.base.Engine:()
2012-10-25 05:46:46,631 INFO sqlalchemy.engine.base.Engine PRAGMA table_info("lessontables")
INFO:sqlalchemy.engine.base.Engine:PRAGMA table_info("lessontables")
2012-10-25 05:46:46,631 INFO sqlalchemy.engine.base.Engine ()
INFO:sqlalchemy.engine.base.Engine:()
2012-10-25 05:46:46,631 INFO sqlalchemy.engine.base.Engine PRAGMA table_info("classes")
INFO:sqlalchemy.engine.base.Engine:PRAGMA table_info("classes")
2012-10-25 05:46:46,631 INFO sqlalchemy.engine.base.Engine ()
INFO:sqlalchemy.engine.base.Engine:()
2012-10-25 05:46:46,631 INFO sqlalchemy.engine.base.Engine PRAGMA table_info("lessontableitems")
INFO:sqlalchemy.engine.base.Engine:PRAGMA table_info("lessontableitems")
2012-10-25 05:46:46,631 INFO sqlalchemy.engine.base.Engine ()
INFO:sqlalchemy.engine.base.Engine:()
ERROR:werkzeug:112.2.254.126 - - [25/Oct/2012 05:57:14] code 400, message Bad request syntax ('\x03:q')
ERROR:werkzeug:93.174.93.52 - - [25/Oct/2012 10:51:42] code 400, message Bad request syntax ('\x00')
ERROR:werkzeug:93.174.93.52 - - [25/Oct/2012 10:51:45] code 400, message Bad request syntax ('\x04\x01\x00P\x8de|\xbb0\x00')
ERROR:werkzeug:93.174.93.52 - - [25/Oct/2012 10:51:48] code 400, message Bad request syntax ('\x05\x01\x00')
ERROR:werkzeug:93.174.93.52 - - [25/Oct/2012 10:51:50] code 400, message Bad request syntax ('\x05\x01\x00')
2012-10-30 05:22:07,034 INFO sqlalchemy.engine.base.Engine PRAGMA table_info("depts")
INFO:sqlalchemy.engine.base.Engine:PRAGMA table_info("depts")
2012-10-30 05:22:07,034 INFO sqlalchemy.engine.base.Engine ()
INFO:sqlalchemy.engine.base.Engine:()
2012-10-30 05:22:07,035 INFO sqlalchemy.engine.base.Engine PRAGMA table_info("users")
INFO:sqlalchemy.engine.base.Engine:PRAGMA table_info("users")
2012-10-30 05:22:07,035 INFO sqlalchemy.engine.base.Engine ()
INFO:sqlalchemy.engine.base.Engine:()
2012-10-30 05:22:07,035 INFO sqlalchemy.engine.base.Engine PRAGMA table_info("courses")
INFO:sqlalchemy.engine.base.Engine:PRAGMA table_info("courses")
2012-10-30 05:22:07,035 INFO sqlalchemy.engine.base.Engine ()
INFO:sqlalchemy.engine.base.Engine:()
2012-10-30 05:22:07,035 INFO sqlalchemy.engine.base.Engine PRAGMA table_info("lessontables")
INFO:sqlalchemy.engine.base.Engine:PRAGMA table_info("lessontables")
2012-10-30 05:22:07,035 INFO sqlalchemy.engine.base.Engine ()
INFO:sqlalchemy.engine.base.Engine:()
2012-10-30 05:22:07,036 INFO sqlalchemy.engine.base.Engine PRAGMA table_info("classes")
INFO:sqlalchemy.engine.base.Engine:PRAGMA table_info("classes")
2012-10-30 05:22:07,036 INFO sqlalchemy.engine.base.Engine ()
INFO:sqlalchemy.engine.base.Engine:()
2012-10-30 05:22:07,036 INFO sqlalchemy.engine.base.Engine PRAGMA table_info("lessoninfos")
INFO:sqlalchemy.engine.base.Engine:PRAGMA table_info("lessoninfos")
2012-10-30 05:22:07,036 INFO sqlalchemy.engine.base.Engine ()
INFO:sqlalchemy.engine.base.Engine:()
2012-10-30 05:22:07,036 INFO sqlalchemy.engine.base.Engine PRAGMA table_info("authtokens")
INFO:sqlalchemy.engine.base.Engine:PRAGMA table_info("authtokens")
2012-10-30 05:22:07,036 INFO sqlalchemy.engine.base.Engine ()
INFO:sqlalchemy.engine.base.Engine:()
2012-10-30 05:22:07,037 INFO sqlalchemy.engine.base.Engine PRAGMA table_info("lessontableitems")
INFO:sqlalchemy.engine.base.Engine:PRAGMA table_info("lessontableitems")
2012-10-30 05:22:07,037 INFO sqlalchemy.engine.base.Engine ()
INFO:sqlalchemy.engine.base.Engine:()
